2025-02-25 connections Could not generate a normal connections puzzle within 300 attempts.
2025-02-26 grid Could not generate a normal grid puzzle within 500 attempts.
2025-02-26 connections Could not generate a hard connections puzzle within 300 attempts.
2025-02-27 grid Could not generate a normal grid puzzle within 500 attempts.
2025-02-28 grid Could not generate a hard grid puzzle within 500 attempts.
2025-02-28 connections Could not generate a normal connections puzzle within 300 attempts.
2025-03-02 grid Could not generate a normal grid puzzle within 500 attempts.
2025-03-02 connections Could not generate a hard connections puzzle within 300 attempts.
2025-03-03 grid Could not generate a easy grid puzzle within 500 attempts.
2025-03-03 connections Could not generate a easy connections puzzle within 300 attempts.
2025-03-04 grid Could not generate a normal grid puzzle within 500 attempts.
2025-03-04 connections Could not generate a normal connections puzzle within 300 attempts.
2025-03-05 connections Could not generate a normal connections puzzle within 300 attempts.
2025-03-06 grid Could not generate a normal grid puzzle within 500 attempts.
2025-03-06 connections Could not generate a hard connections puzzle within 300 attempts.
2025-03-07 grid Could not generate a hard grid puzzle within 500 attempts.
2025-03-07 connections Could not generate a easy connections puzzle within 300 attempts.
2025-03-08 grid Could not generate a normal grid puzzle within 500 attempts.
2025-03-08 connections Could not generate a normal connections puzzle within 300 attempts.
2025-03-09 grid Could not generate a normal grid puzzle within 500 attempts.
2025-03-09 connections Could not generate a normal connections puzzle within 300 attempts.
2025-03-10 grid Could not generate a easy grid puzzle within 500 attempts.
2025-03-10 connections Could not generate a hard connections puzzle within 300 attempts.
2025-03-13 connections Could not generate a normal connections puzzle within 300 attempts.
2025-03-14 connections Could not generate a hard connections puzzle within 300 attempts.
2025-03-15 grid Could not generate a normal grid puzzle within 500 attempts.
2025-03-15 connections Could not generate a easy connections puzzle within 300 attempts.
2025-03-16 grid Could not generate a normal grid puzzle within 500 attempts.
2025-03-17 grid Not enough attributes meeting min fighter count for difficulty=easy (have 5, need 6)
2025-03-17 connections Could not generate a normal connections puzzle within 300 attempts.
2025-03-18 grid Could not generate a normal grid puzzle within 500 attempts.
2025-03-18 connections Could not generate a hard connections puzzle within 300 attempts.
2025-03-19 grid Could not generate a normal grid puzzle within 500 attempts.
2025-03-19 connections Could not generate a easy connections puzzle within 300 attempts.
2025-03-20 grid Could not generate a normal grid puzzle within 500 attempts.
2025-03-21 connections Could not generate a normal connections puzzle within 300 attempts.
2025-03-22 grid Could not generate a normal grid puzzle within 500 attempts.
2025-03-22 connections Could not generate a hard connections puzzle within 300 attempts.
2025-03-23 grid Could not generate a normal grid puzzle within 500 attempts.
2025-03-23 connections Could not generate a easy connections puzzle within 300 attempts.
2025-03-24 grid Could not generate a easy grid puzzle within 500 attempts.
2025-03-24 connections Could not generate a normal connections puzzle within 300 attempts.
2026-02-23 connections Could not generate a normal connections puzzle within 300 attempts.
2026-02-26 grid Could not generate a normal grid puzzle within 500 attempts.
2026-02-27 grid Could not generate a hard grid puzzle within 500 attempts.
2026-02-27 connections Could not generate a normal connections puzzle within 300 attempts.
2026-02-28 grid Could not generate a normal grid puzzle within 500 attempts.
2026-02-28 connections Could not generate a hard connections puzzle within 300 attempts.
2026-03-01 grid Could not generate a normal grid puzzle within 500 attempts.
2026-03-01 connections Could not generate a easy connections puzzle within 300 attempts.
2026-03-02 grid Could not generate a easy grid puzzle within 500 attempts.
2026-03-02 connections Could not generate a normal connections puzzle within 300 attempts.
2026-03-03 grid Could not generate a normal grid puzzle within 500 attempts.
2026-03-03 connections Could not generate a normal connections puzzle within 300 attempts.
2026-03-04 grid Could not generate a normal grid puzzle within 500 attempts.
2026-03-04 connections Could not generate a hard connections puzzle within 300 attempts.
2026-03-05 grid Could not generate a normal grid puzzle within 500 attempts.
2026-03-06 grid Could not generate a hard grid puzzle within 500 attempts.
2026-03-06 connections Could not generate a normal connections puzzle within 300 attempts.
2026-03-07 grid Could not generate a normal grid puzzle within 500 attempts.
2026-03-07 connections Could not generate a normal connections puzzle within 300 attempts.
2026-03-08 grid Could not generate a normal grid puzzle within 500 attempts.
2026-03-08 connections Could not generate a hard connections puzzle within 300 attempts.
2026-03-09 grid Could not generate a easy grid puzzle within 500 attempts.
2026-03-10 connections Could not generate a normal connections puzzle within 300 attempts.
2026-03-11 grid Could not generate a normal grid puzzle within 500 attempts.
2026-03-11 connections Could not generate a normal connections puzzle within 300 attempts.
2026-03-12 connections Could not generate a hard connections puzzle within 300 attempts.
2026-03-14 connections Could not generate a normal connections puzzle within 300 attempts.
2026-03-15 grid Could not generate a normal grid puzzle within 500 attempts.
2026-03-16 grid Could not generate a easy grid puzzle within 500 attempts.
2026-03-16 connections Could not generate a hard connections puzzle within 300 attempts.
2026-03-18 grid Could not generate a normal grid puzzle within 500 attempts.
2026-03-18 connections Could not generate a normal connections puzzle within 300 attempts.
2026-03-19 grid Could not generate a normal grid puzzle within 500 attempts.
2026-03-19 connections Could not generate a normal connections puzzle within 300 attempts.
2026-03-20 grid Could not generate a hard grid puzzle within 500 attempts.
2026-03-20 connections Could not generate a hard connections puzzle within 300 attempts.
2026-03-21 grid Could not generate a normal grid puzzle within 500 attempts.
2026-03-21 connections Could not generate a easy connections puzzle within 300 attempts.
2026-03-22 grid Could not generate a normal grid puzzle within 500 attempts.
2026-03-22 connections Could not generate a normal connections puzzle within 300 attempts.
2026-02-22 connections Could not generate a normal connections puzzle within 300 attempts.
2026-02-23 grid Could not generate a easy grid puzzle within 500 attempts.
2026-02-23 connections Could not generate a hard connections puzzle within 300 attempts.
2026-02-24 grid Could not generate a normal grid puzzle within 500 attempts.
2026-02-24 connections Could not generate a easy connections puzzle within 300 attempts.
2026-02-25 grid Could not generate a normal grid puzzle within 500 attempts.
2026-02-25 connections Could not generate a normal connections puzzle within 300 attempts.
2026-02-26 grid Could not generate a normal grid puzzle within 500 attempts.
2026-02-27 connections Could not generate a hard connections puzzle within 300 attempts.
2026-02-28 grid Could not generate a normal grid puzzle within 500 attempts.
2026-03-01 grid Could not generate a normal grid puzzle within 500 attempts.
2026-03-01 connections Could not generate a normal connections puzzle within 300 attempts.
2026-03-02 grid Could not generate a easy grid puzzle within 500 attempts.
2026-03-02 connections Could not generate a normal connections puzzle within 300 attempts.
2026-03-03 grid Could not generate a normal grid puzzle within 500 attempts.
2026-03-03 connections Could not generate a hard connections puzzle within 300 attempts.
2026-03-04 grid Could not generate a normal grid puzzle within 500 attempts.
2026-03-04 connections Could not generate a easy connections puzzle within 300 attempts.
2026-03-05 grid Could not generate a normal grid puzzle within 500 attempts.
2026-03-05 connections Could not generate a normal connections puzzle within 300 attempts.
2026-03-06 grid Could not generate a hard grid puzzle within 500 attempts.
2026-03-07 connections Could not generate a hard connections puzzle within 300 attempts.
2026-03-09 grid Could not generate a easy grid puzzle within 500 attempts.
2026-03-09 connections Could not generate a normal connections puzzle within 300 attempts.
2026-03-10 connections Could not generate a normal connections puzzle within 300 attempts.
2026-03-11 connections Could not generate a hard connections puzzle within 300 attempts.
2026-03-12 grid Could not generate a normal grid puzzle within 500 attempts.
2026-03-12 connections Could not generate a easy connections puzzle within 300 attempts.
2026-03-13 grid Could not generate a hard grid puzzle within 500 attempts.
2026-03-14 grid Could not generate a normal grid puzzle within 500 attempts.
2026-03-14 connections Could not generate a normal connections puzzle within 300 attempts.
2026-03-15 connections Could not generate a hard connections puzzle within 300 attempts.
2026-03-16 grid Could not generate a easy grid puzzle within 500 attempts.
2026-03-17 grid Could not generate a normal grid puzzle within 500 attempts.
2026-03-17 connections Could not generate a normal connections puzzle within 300 attempts.
2026-03-18 grid Could not generate a normal grid puzzle within 500 attempts.
2026-03-19 grid Could not generate a normal grid puzzle within 500 attempts.
2026-03-19 connections Could not generate a hard connections puzzle within 300 attempts.
2026-03-20 grid Could not generate a hard grid puzzle within 500 attempts.
2026-03-20 connections Could not generate a easy connections puzzle within 300 attempts.
2026-03-21 grid Could not generate a normal grid puzzle within 500 attempts.
2026-03-21 connections Could not generate a normal connections puzzle within 300 attempts.
2025-02-26 grid Could not generate a normal grid puzzle within 500 attempts.
2025-03-01 grid Could not generate a normal grid puzzle within 500 attempts.
2025-03-02 grid Could not generate a normal grid puzzle within 500 attempts.
2026-03-01 grid Could not generate a normal grid puzzle within 500 attempts.
2026-03-05 grid Could not generate a normal grid puzzle within 500 attempts.
2026-03-01 grid Could not generate a normal grid puzzle within 500 attempts.
2026-03-05 grid Could not generate a normal grid puzzle within 500 attempts.
2026-03-04 grid Could not generate a normal grid puzzle within 500 attempts.
2026-03-05 grid Could not generate a normal grid puzzle within 500 attempts.
