'Yizha': UFC page OK but no headshot found
'Mairon Santos': UFC page OK but no headshot found
'Ian Machado Garry': UFC page OK but no headshot found
'Asu Almabayev': UFC page OK but no headshot found
'Timmy Cuamba': UFC page OK but no headshot found
'ChangHo Lee': UFC page OK but no headshot found
'Montserrat Conejo Ruiz': UFC page OK but no headshot found
'Stephanie Luciano': UFC page OK but no headshot found
'Montse Rendon': UFC page OK but no headshot found
'SuYoung You': UFC page OK but no headshot found
'Rafael Cerquiera': UFC page OK but no headshot found
'Robert Valentin': UFC page OK but no headshot found
'Billy Ray Goff': UFC page OK but no headshot found
'Ronaldo Rodriguez': UFC page OK but no headshot found
'Dan Argueta': UFC page OK but no headshot found
'Silvana Gomez Juarez': UFC page OK but no headshot found
'Jeff Molina': UFC page OK but no headshot found
'Ike Villanueva': UFC page OK but no headshot found
'Junior Dos Santos': UFC status 403
'Geraldo de Freitas': UFC page OK but no headshot found
'Zelim Imadaev': UFC status 403
'Rogerio Nogueira': UFC page OK but no headshot found
'Raphael Pessoa': UFC page OK but no headshot found
'Aleksandra Albu': UFC page OK but no headshot found
'Cristiane Justino': UFC page OK but no headshot found
'Arjan Bhullar': UFC page OK but no headshot found
'Carlo Pedersoli Jr.': UFC page OK but no headshot found
'Wulijiburen': UFC page OK but no headshot found
'Bibulatov Magomed': UFC page OK but no headshot found
'Yuta Sasaki': UFC page OK but no headshot found
'Robert Sanchez': UFC page OK but no headshot found
'Alvaro Herrera Mendoza': UFC page OK but no headshot found
'Brad Scott': UFC page OK but no headshot found
'Godofredo Pepey': UFC page OK but no headshot found
'Josh Stansbury': UFC page OK but no headshot found
'Nicholas Musoke': UFC page OK but no headshot found
'Tiago dos Santos e Silva': UFC page OK but no headshot found
'Seo Hee Ham': UFC page OK but no headshot found
'Richard Walsh': UFC page OK but no headshot found
'Guangyou Ning': UFC page OK but no headshot found
'Manvel Gamburyan': UFC page OK but no headshot found
'Heather Clark': UFC page OK but no headshot found
'Glaico Franca Moreira': UFC page OK but no headshot found
'Robert Whiteford': UFC page OK but no headshot found
'Daniel Sarafian': UFC status 403
'Edimilson Souza': UFC page OK but no headshot found
'Antonio Rodrigo Nogueira': UFC page OK but no headshot found
'Constantinos Philippou': UFC page OK but no headshot found
'Quinton Jackson': UFC page OK but no headshot found
'Mirko Filipovic': UFC page OK but no headshot found
'Robert Peralta': UFC page OK but no headshot found
'Renee Forte': UFC page OK but no headshot found
'Robert McDaniel': UFC page OK but no headshot found
'Chael Sonnen': UFC status 403
'Ben Alloway': UFC page OK but no headshot found
'Philip De Fries': UFC page OK but no headshot found
'Jonathan Brookins': UFC page OK but no headshot found
'Zhang Tiequan': UFC page OK but no headshot found
'Miguel Torres': UFC page OK but no headshot found
'Corey Hill': UFC page OK but no headshot found
'Rameau Thierry Sokoudjou': UFC page OK but no headshot found
'Tony Fryklund': UFC page OK but no headshot found
'David Abbott': UFC page OK but no headshot found
'Gan McGee': UFC page OK but no headshot found
'Mark Weir': UFC page OK but no headshot found
'Tsuyoshi Kohsaka': UFC page OK but no headshot found
'Chris Brennan': UFC page OK but no headshot found
'Fabiano Iha': UFC page OK but no headshot found
'Kenichi Yamamoto': UFC page OK but no headshot found
'Laverne Clark': UFC page OK but no headshot found
'Ron Waterman': UFC page OK but no headshot found
'Marco Ruas': UFC page OK but no headshot found
'Andre Roberts': UFC page OK but no headshot found
'Mikey Burnett': UFC page OK but no headshot found
'Dave Beneteau': UFC page OK but no headshot found
'Steve Nelmark': UFC page OK but no headshot found
'Mark Hall': UFC page OK but no headshot found
'Sam Adkins': UFC page OK but no headshot found
'Steve Jennum': UFC page OK but no headshot found
'Remco Pardoel': UFC page OK but no headshot found
'Harold Howard': UFC page OK but no headshot found
'Johnny Rhodes': UFC page OK but no headshot found